

================================================================
== Vivado HLS Report for 'i2_proc'
================================================================
* Date:           Wed Nov 11 09:19:19 2020

* Version:        2019.2.1 (Build 2724168 on Thu Dec 05 05:19:09 MST 2019)
* Project:        out.prj
* Solution:       solution1
* Product family: zynq
* Target device:  xc7z020-clg484-1


================================================================
== Performance Estimates
================================================================
+ Timing: 
    * Summary: 
    +--------+----------+----------+------------+
    |  Clock |  Target  | Estimated| Uncertainty|
    +--------+----------+----------+------------+
    |ap_clk  | 10.00 ns | 7.747 ns |   1.25 ns  |
    +--------+----------+----------+------------+

+ Latency: 
    * Summary: 
    +----------+----------+-----------+-----------+----------+----------+---------+
    |   Latency (cycles)  |   Latency (absolute)  |       Interval      | Pipeline|
    |    min   |    max   |    min    |    max    |    min   |    max   |   Type  |
    +----------+----------+-----------+-----------+----------+----------+---------+
    |  62350402|  62350402| 0.624 sec | 0.624 sec |  62350402|  62350402|   none  |
    +----------+----------+-----------+-----------+----------+----------+---------+

    + Detail: 
        * Instance: 
        N/A

        * Loop: 
        +---------------+----------+----------+----------+-----------+-----------+------+----------+
        |               |   Latency (cycles)  | Iteration|  Initiation Interval  | Trip |          |
        |   Loop Name   |    min   |    max   |  Latency |  achieved |   target  | Count| Pipelined|
        +---------------+----------+----------+----------+-----------+-----------+------+----------+
        |- i2           |  62350400|  62350400|    974225|          -|          -|    64|    no    |
        | + result_y3   |    973440|    973440|      6240|          -|          -|   156|    no    |
        |  ++ result_r  |      6238|      6238|         1|          -|          -|  6238|    no    |
        | + sum1_x6     |       156|       156|         1|          -|          -|   156|    no    |
        | + update0_x7  |       312|       312|         2|          -|          -|   156|    no    |
        | + update1_x8  |       312|       312|         2|          -|          -|   156|    no    |
        | + i3          |       312|       312|         2|          -|          -|   156|    no    |
        +---------------+----------+----------+----------+-----------+-----------+------+----------+



================================================================
== Utilization Estimates
================================================================
* Summary: 
+-----------------+---------+-------+--------+-------+-----+
|       Name      | BRAM_18K| DSP48E|   FF   |  LUT  | URAM|
+-----------------+---------+-------+--------+-------+-----+
|DSP              |        -|      2|       -|      -|    -|
|Expression       |        -|      0|       0|    356|    -|
|FIFO             |        -|      -|       -|      -|    -|
|Instance         |        -|      -|       -|      -|    -|
|Memory           |        1|      -|       2|      3|    0|
|Multiplexer      |        -|      -|       -|    236|    -|
|Register         |        -|      -|     258|      -|    -|
+-----------------+---------+-------+--------+-------+-----+
|Total            |        1|      2|     260|    595|    0|
+-----------------+---------+-------+--------+-------+-----+
|Available        |      280|    220|  106400|  53200|    0|
+-----------------+---------+-------+--------+-------+-----+
|Utilization (%)  |    ~0   |   ~0  |   ~0   |      1|    0|
+-----------------+---------+-------+--------+-------+-----+

+ Detail: 
    * Instance: 
    N/A

    * DSP48E: 
    +-------------------------+----------------------+-----------+
    |         Instance        |        Module        | Expression|
    +-------------------------+----------------------+-----------+
    |test_mul_mul_5ns_bkb_U7  |test_mul_mul_5ns_bkb  |  i0 * i1  |
    |test_mul_mul_5ns_cud_U8  |test_mul_mul_5ns_cud  |  i0 * i1  |
    +-------------------------+----------------------+-----------+

    * Memory: 
    +------------+------------------+---------+---+----+-----+------+-----+------+-------------+
    |   Memory   |      Module      | BRAM_18K| FF| LUT| URAM| Words| Bits| Banks| W*Bits*Banks|
    +------------+------------------+---------+---+----+-----+------+-----+------+-------------+
    |result_V_U  |i2_proc_result_V  |        1|  0|   0|    0|   156|   13|     1|         2028|
    |sum1_V_U    |i2_proc_sum1_V    |        0|  2|   3|    0|   156|    1|     1|          156|
    +------------+------------------+---------+---+----+-----+------+-----+------+-------------+
    |Total       |                  |        1|  2|   3|    0|   312|   14|     2|         2184|
    +------------+------------------+---------+---+----+-----+------+-----+------+-------------+

    * FIFO: 
    N/A

    * Expression: 
    +-------------------------+----------+-------+---+----+------------+------------+
    |      Variable Name      | Operation| DSP48E| FF| LUT| Bitwidth P0| Bitwidth P1|
    +-------------------------+----------+-------+---+----+------------+------------+
    |mul_ln821_fu_394_p2      |     *    |      0|  0|  41|           5|           8|
    |add_ln821_fu_600_p2      |     +    |      0|  0|  17|          13|          13|
    |i2_V_fu_417_p2           |     +    |      0|  0|  15|           7|           1|
    |i3_V_fu_584_p2           |     +    |      0|  0|  15|           8|           1|
    |r_V_fu_445_p2            |     +    |      0|  0|  17|          13|           1|
    |ret_V_8_fu_632_p2        |     +    |      0|  0|  25|          18|          18|
    |ret_V_fu_623_p2          |     +    |      0|  0|  19|          14|          14|
    |sum_V_fu_462_p2          |     +    |      0|  0|  17|          13|          13|
    |x6_V_fu_474_p2           |     +    |      0|  0|  15|           8|           1|
    |x7_V_fu_491_p2           |     +    |      0|  0|  15|           8|           1|
    |x8_V_fu_530_p2           |     +    |      0|  0|  15|           8|           1|
    |y3_V_fu_429_p2           |     +    |      0|  0|  15|           8|           1|
    |ap_block_state5          |    and   |      0|  0|   2|           1|           1|
    |icmp_ln887_29_fu_423_p2  |   icmp   |      0|  0|  11|           8|           8|
    |icmp_ln887_30_fu_468_p2  |   icmp   |      0|  0|  11|           8|           8|
    |icmp_ln887_31_fu_439_p2  |   icmp   |      0|  0|  13|          13|          12|
    |icmp_ln887_32_fu_524_p2  |   icmp   |      0|  0|  11|           8|           8|
    |icmp_ln887_33_fu_485_p2  |   icmp   |      0|  0|  11|           8|           8|
    |icmp_ln887_34_fu_571_p2  |   icmp   |      0|  0|  13|          13|           1|
    |icmp_ln887_35_fu_564_p2  |   icmp   |      0|  0|  13|          14|          14|
    |icmp_ln887_36_fu_578_p2  |   icmp   |      0|  0|  11|           8|           8|
    |icmp_ln887_fu_411_p2     |   icmp   |      0|  0|  11|           7|           8|
    |ap_block_state1          |    or    |      0|  0|   2|           1|           1|
    |select_ln887_fu_556_p3   |  select  |      0|  0|   2|           1|           2|
    |shl_ln821_fu_658_p2      |    shl   |      0|  0|  19|           2|           8|
    +-------------------------+----------+-------+---+----+------------+------------+
    |Total                    |          |      0|  0| 356|         215|         160|
    +-------------------------+----------+-------+---+----+------------+------------+

    * Multiplexer: 
    +----------------------+----+-----------+-----+-----------+
    |         Name         | LUT| Input Size| Bits| Total Bits|
    +----------------------+----+-----------+-----+-----------+
    |ap_NS_fsm             |  53|         12|    1|         12|
    |ap_done               |   9|          2|    1|          2|
    |bvh_d_index_reg_292   |   9|          2|    7|         14|
    |match2_blk_n          |   9|          2|    1|          2|
    |p_0510_0_blk_n        |   9|          2|    1|          2|
    |p_0652_0_i_i_reg_327  |   9|          2|   13|         26|
    |p_0688_0_i_i_reg_304  |   9|          2|    8|         16|
    |p_0734_0_i_i_reg_338  |   9|          2|    8|         16|
    |p_0757_4_i_i_reg_315  |   9|          2|   13|         26|
    |p_0856_0_i_i_reg_349  |   9|          2|    8|         16|
    |p_0895_0_i_i_reg_360  |   9|          2|    8|         16|
    |p_0982_0_i_i_reg_371  |   9|          2|    8|         16|
    |prototype_V_we0       |   9|          2|    8|         16|
    |result_V_address0     |  27|          5|    8|         40|
    |sum1_V_address0       |  27|          5|    8|         40|
    |sum1_V_d0             |  21|          4|    1|          4|
    +----------------------+----+-----------+-----+-----------+
    |Total                 | 236|         50|  102|        264|
    +----------------------+----+-----------+-----+-----------+

    * Register: 
    +--------------------------+----+----+-----+-----------+
    |           Name           | FF | LUT| Bits| Const Bits|
    +--------------------------+----+----+-----+-----------+
    |add_ln821_reg_830         |  13|   0|   13|          0|
    |ap_CS_fsm                 |  11|   0|   11|          0|
    |ap_done_reg               |   1|   0|    1|          0|
    |bvh_d_index_reg_292       |   7|   0|    7|          0|
    |compute1_V_addr_reg_698   |   5|   0|    5|          0|
    |compute1_temp_V_reg_717   |   1|   0|   32|         31|
    |compute2_V1_load_reg_713  |   1|   0|    1|          0|
    |i2_V_reg_737              |   7|   0|    7|          0|
    |i3_V_reg_825              |   8|   0|    8|          0|
    |mul_ln1371_reg_722        |  18|   0|   18|          0|
    |mul_ln791_reg_703         |  20|   0|   20|          0|
    |mul_ln821_reg_708         |  11|   0|   13|          2|
    |p_0510_0_read_reg_686     |   5|   0|    5|          0|
    |p_0652_0_i_i_reg_327      |  13|   0|   13|          0|
    |p_0688_0_i_i_reg_304      |   8|   0|    8|          0|
    |p_0734_0_i_i_reg_338      |   8|   0|    8|          0|
    |p_0757_4_i_i_reg_315      |  13|   0|   13|          0|
    |p_0856_0_i_i_reg_349      |   8|   0|    8|          0|
    |p_0895_0_i_i_reg_360      |   8|   0|    8|          0|
    |p_0982_0_i_i_reg_371      |   8|   0|    8|          0|
    |ret_V_8_reg_845           |  18|   0|   18|          0|
    |tmp_37_reg_840            |   4|   0|    4|          0|
    |x7_V_reg_779              |   8|   0|    8|          0|
    |x8_V_reg_802              |   8|   0|    8|          0|
    |y3_V_reg_745              |   8|   0|    8|          0|
    |zext_ln544_22_reg_750     |   8|   0|   64|         56|
    |zext_ln544_24_reg_807     |   8|   0|   64|         56|
    |zext_ln544_25_reg_784     |   8|   0|   64|         56|
    |zext_ln81_reg_817         |   7|   0|   14|          7|
    |zext_ln887_reg_727        |   7|   0|   32|         25|
    +--------------------------+----+----+-----+-----------+
    |Total                     | 258|   0|  491|        233|
    +--------------------------+----+----+-----+-----------+



================================================================
== Interface
================================================================
* Summary: 
+-----------------------------+-----+-----+------------+--------------------+--------------+
|          RTL Ports          | Dir | Bits|  Protocol  |    Source Object   |    C Type    |
+-----------------------------+-----+-----+------------+--------------------+--------------+
|ap_clk                       |  in |    1| ap_ctrl_hs |       i2_proc      | return value |
|ap_rst                       |  in |    1| ap_ctrl_hs |       i2_proc      | return value |
|ap_start                     |  in |    1| ap_ctrl_hs |       i2_proc      | return value |
|ap_done                      | out |    1| ap_ctrl_hs |       i2_proc      | return value |
|ap_continue                  |  in |    1| ap_ctrl_hs |       i2_proc      | return value |
|ap_idle                      | out |    1| ap_ctrl_hs |       i2_proc      | return value |
|ap_ready                     | out |    1| ap_ctrl_hs |       i2_proc      | return value |
|compute2_V1_address0         | out |    5|  ap_memory |     compute2_V1    |     array    |
|compute2_V1_ce0              | out |    1|  ap_memory |     compute2_V1    |     array    |
|compute2_V1_q0               |  in |    1|  ap_memory |     compute2_V1    |     array    |
|p_0510_0_dout                |  in |    5|   ap_fifo  |      p_0510_0      |    pointer   |
|p_0510_0_empty_n             |  in |    1|   ap_fifo  |      p_0510_0      |    pointer   |
|p_0510_0_read                | out |    1|   ap_fifo  |      p_0510_0      |    pointer   |
|compute1_V_address0          | out |    5|  ap_memory |     compute1_V     |     array    |
|compute1_V_ce0               | out |    1|  ap_memory |     compute1_V     |     array    |
|compute1_V_we0               | out |    1|  ap_memory |     compute1_V     |     array    |
|compute1_V_d0                | out |   32|  ap_memory |     compute1_V     |     array    |
|match2_dout                  |  in |   64|   ap_fifo  |       match2       |    pointer   |
|match2_empty_n               |  in |    1|   ap_fifo  |       match2       |    pointer   |
|match2_read                  | out |    1|   ap_fifo  |       match2       |    pointer   |
|hcl_rdv3_V_address0          | out |   18|  ap_memory |     hcl_rdv3_V     |     array    |
|hcl_rdv3_V_ce0               | out |    1|  ap_memory |     hcl_rdv3_V     |     array    |
|hcl_rdv3_V_q0                |  in |   64|  ap_memory |     hcl_rdv3_V     |     array    |
|prototype_V_address0         | out |   12|  ap_memory |     prototype_V    |     array    |
|prototype_V_ce0              | out |    1|  ap_memory |     prototype_V    |     array    |
|prototype_V_we0              | out |    8|  ap_memory |     prototype_V    |     array    |
|prototype_V_d0               | out |   64|  ap_memory |     prototype_V    |     array    |
|prototypeCounter_V_address0  | out |   18|  ap_memory | prototypeCounter_V |     array    |
|prototypeCounter_V_ce0       | out |    1|  ap_memory | prototypeCounter_V |     array    |
|prototypeCounter_V_we0       | out |    1|  ap_memory | prototypeCounter_V |     array    |
|prototypeCounter_V_d0        | out |   32|  ap_memory | prototypeCounter_V |     array    |
+-----------------------------+-----+-----+------------+--------------------+--------------+

